build/app/outputs/mapping/release/seeds.txt
princecareindia.com.demo_catalog_app.MainActivity
princecareindia.com.demo_catalog_app.MainActivity: MainActivity()
...
androidx.window.embedding.SplitController$Companion: androidx.window.embedding.SplitController getInstance()
androidx.window.layout.SidecarCompat: void onWindowLayoutChangeListenerRemoved(android.app.Activity)
com.google.android.gms.common.internal.zzs: android.os.Parcelable$Creator CREATOR
com.google.android.gms.internal.firebase-auth-api.zznq: android.os.Parcelable$Creator CREATOR
androidx.window.embedding.SplitController: androidx.window.embedding.SplitController$Companion Companion
io.flutter.view.AccessibilityViewEmbedder
androidx.window.embedding.SplitPairRule: androidx.window.embedding.SplitPairRule plus$window_release(androidx.window.embedding.SplitPairFilter)
androidx.window.layout.SidecarCompat$DistinctSidecarElementCallback: void onWindowLayoutChanged(android.os.IBinder,androidx.window.sidecar.SidecarWindowLayoutInfo)
androidx.window.embedding.ExtensionEmbeddingBackend: androidx.window.embedding.EmbeddingInterfaceCompat getEmbeddingExtension()
io.flutter.view.AccessibilityViewEmbedder: int nextFlutterId
androidx.window.layout.DisplayCompatHelperApi17: void getRealSize(android.view.Display,android.graphics.Point)
kotlin.coroutines.jvm.internal.BaseContinuationImpl: kotlin.coroutines.Continuation create(java.lang.Object,kotlin.coroutines.Continuation)
com.google.firebase.provider.FirebaseInitProvider
com.google.firebase.database.DatabaseRegistrar: DatabaseRegistrar()
androidx.window.embedding.SplitRule: int minWidth
androidx.window.layout.ExtensionWindowLayoutInfoBackend$MulticastConsumer: void accept(androidx.window.extensions.layout.WindowLayoutInfo)
androidx.window.embedding.SplitController
androidx.window.layout.SidecarCompat$registerConfigurationChangeListener$configChangeObserver$1
io.flutter.embedding.engine.FlutterJNI: void setLocalizationPlugin(io.flutter.plugin.localization.LocalizationPlugin)
com.google.android.gms.internal.firebase-auth-api.zziz: int zze
io.flutter.plugin.platform.SingleViewPresentation: io.flutter.plugin.platform.SingleViewPresentation$AccessibilityDelegatingFrameLayout rootView
androidx.window.layout.SidecarCompat$DistinctElementCallback: java.util.concurrent.locks.ReentrantLock lock
kotlinx.coroutines.channels.Closed
androidx.window.embedding.EmbeddingInterfaceCompat
com.google.android.gms.internal.firebase-auth-api.zzls: android.os.Parcelable$Creator CREATOR
androidx.window.layout.HardwareFoldingFeature
com.google.android.gms.internal.firebase-auth-api.zznw: android.os.Parcelable$Creator CREATOR
androidx.window.embedding.SplitRule: int hashCode()
com.google.firebase.database.collection.LLRBNode$Color: com.google.firebase.database.collection.LLRBNode$Color[] values()
io.flutter.embedding.engine.FlutterJNI: boolean isCodePointEmojiModifierBase(int)
kotlin.jvm.internal.CallableReference: java.lang.Object callBy(java.util.Map)
kotlinx.coroutines.DefaultExecutor
kotlinx.coroutines.channels.AbstractChannel
io.flutter.embedding.android.FlutterView$ZeroSides: io.flutter.embedding.android.FlutterView$ZeroSides valueOf(java.lang.String)
androidx.window.layout.SidecarCompat: void register(android.os.IBinder,android.app.Activity)
io.flutter.embedding.android.FlutterTextureView: io.flutter.embedding.engine.renderer.FlutterRenderer getAttachedRenderer()
androidx.window.embedding.EmbeddingAdapter: boolean translateIntentPredicates$lambda-8(java.util.Set,android.content.Intent)
io.flutter.embedding.engine.renderer.SurfaceTextureWrapper: void getTransformMatrix(float[])
androidx.window.embedding.ActivityStack: boolean equals(java.lang.Object)
io.flutter.embedding.engine.mutatorsstack.FlutterMutatorsStack: android.graphics.Matrix finalMatrix
androidx.window.embedding.ExtensionEmbeddingBackend$SplitListenerWrapper: androidx.core.util.Consumer getCallback()
io.flutter.view.FlutterCallbackInformation: io.flutter.view.FlutterCallbackInformation lookupCallbackInformation(long)