build/app/outputs/mapping/release/mapping.txt
# compiler: R8
# compiler_version: 2.1.62
# min_api: 19
# pg_map_id: fbcf1e1
# common_typos_disable
...
io.flutter.embedding.engine.renderer.FlutterRenderer$SurfaceTextureFinalizerRunnable -> io.flutter.embedding.engine.renderer.a$e:
    long id -> f
    io.flutter.embedding.engine.FlutterJNI flutterJNI -> g
io.flutter.embedding.engine.renderer.FlutterRenderer$SurfaceTextureRegistryEntry -> io.flutter.embedding.engine.renderer.a$f:
    io.flutter.embedding.engine.renderer.FlutterRenderer this$0 -> e
    io.flutter.embedding.engine.renderer.SurfaceTextureWrapper textureWrapper -> b
    android.graphics.SurfaceTexture$OnFrameAvailableListener onFrameListener -> d
    long id -> a
    boolean released -> c
    void release() -> a
    long id() -> b
    android.graphics.SurfaceTexture surfaceTexture() -> c
    boolean access$100(io.flutter.embedding.engine.renderer.FlutterRenderer$SurfaceTextureRegistryEntry) -> d
    long access$300(io.flutter.embedding.engine.renderer.FlutterRenderer$SurfaceTextureRegistryEntry) -> e
    io.flutter.embedding.engine.renderer.SurfaceTextureWrapper textureWrapper() -> f
io.flutter.embedding.engine.renderer.FlutterRenderer$SurfaceTextureRegistryEntry$1 -> io.flutter.embedding.engine.renderer.a$f$a:
    io.flutter.embedding.engine.renderer.FlutterRenderer$SurfaceTextureRegistryEntry this$1 -> a
io.flutter.embedding.engine.renderer.FlutterRenderer$ViewportMetrics -> io.flutter.embedding.engine.renderer.a$g:
    int systemGestureInsetBottom -> n
    int systemGestureInsetLeft -> o
    java.util.List displayFeatures -> q
    int systemGestureInsetTop -> l
    int systemGestureInsetRight -> m
    int viewInsetBottom -> j
    int viewInsetLeft -> k
    int viewInsetTop -> h
    int viewInsetRight -> i
    int viewPaddingBottom -> f
    int viewPaddingLeft -> g
    int viewPaddingTop -> d
    float devicePixelRatio -> a
    int viewPaddingRight -> e
    int width -> b
    int height -> c
    int physicalTouchSlop -> p
    boolean validate() -> a
io.flutter.embedding.engine.renderer.FlutterUiDisplayListener -> io.flutter.embedding.engine.renderer.b:
    void onFlutterUiNoLongerDisplayed() -> c
    void onFlutterUiDisplayed() -> f
io.flutter.embedding.engine.renderer.RenderSurface -> io.flutter.embedding.engine.renderer.c:
    void attachToRenderer(io.flutter.embedding.engine.renderer.FlutterRenderer) -> a
    void pause() -> b
    void detachFromRenderer() -> c
io.flutter.embedding.engine.systemchannels.-$$Lambda$KeyEventChannel$RL0HJ5TnZGrDabOeA71yhjryCe4 -> io.flutter.embedding.engine.j.a:
    io.flutter.embedding.engine.systemchannels.KeyEventChannel$EventResponseHandler f$0 -> a
    void reply(java.lang.Object) -> a
io.flutter.embedding.engine.systemchannels.AccessibilityChannel -> io.flutter.embedding.engine.j.b:
    io.flutter.embedding.engine.FlutterJNI flutterJNI -> b
    io.flutter.embedding.engine.systemchannels.AccessibilityChannel$AccessibilityMessageHandler handler -> c
    io.flutter.plugin.common.BasicMessageChannel$MessageHandler parsingMessageHandler -> d
    io.flutter.plugin.common.BasicMessageChannel channel -> a
    io.flutter.embedding.engine.systemchannels.AccessibilityChannel$AccessibilityMessageHandler access$000(io.flutter.embedding.engine.systemchannels.AccessibilityChannel) -> a
    void dispatchSemanticsAction(int,io.flutter.view.AccessibilityBridge$Action) -> b
    void dispatchSemanticsAction(int,io.flutter.view.AccessibilityBridge$Action,java.lang.Object) -> c
    void onAndroidAccessibilityDisabled() -> d
    void onAndroidAccessibilityEnabled() -> e
    void setAccessibilityFeatures(int) -> f
    void setAccessibilityMessageHandler(io.flutter.embedding.engine.systemchannels.AccessibilityChannel$AccessibilityMessageHandler) -> g
io.flutter.embedding.engine.systemchannels.AccessibilityChannel$1 -> io.flutter.embedding.engine.j.b$a:
    io.flutter.embedding.engine.systemchannels.AccessibilityChannel this$0 -> a
    void onMessage(java.lang.Object,io.flutter.plugin.common.BasicMessageChannel$Reply) -> a