build/app/outputs/mapping/release/usage.txt
princecareindia.com.demo_catalog_app.R
princecareindia.com.demo_catalog_app.R$drawable
princecareindia.com.demo_catalog_app.R$dimen
princecareindia.com.demo_catalog_app.R$layout
princecareindia.com.demo_catalog_app.R$attr
princecareindia.com.demo_catalog_app.R$color
princecareindia.com.demo_catalog_app.R$mipmap
princecareindia.com.demo_catalog_app.R$string
princecareindia.com.demo_catalog_app.R$styleable
princecareindia.com.demo_catalog_app.R$integer
princecareindia.com.demo_catalog_app.BuildConfig
princecareindia.com.demo_catalog_app.R$id
princecareindia.com.demo_catalog_app.R$style
...
com.google.common.primitives.Ints$LexicographicalComparator
com.google.common.graph.Graphs$TransposedValueGraph
com.google.android.gms.common.images.zac
com.google.common.collect.ImmutableList
io.flutter.app.FlutterActivityDelegate$ViewFactory
kotlin.sequences.SequencesKt___SequencesKt$minus$3
com.google.android.gms.internal.firebase-auth-api.zzyf:
    public java.lang.Object set(int,java.lang.Object)
    public void add(int,java.lang.Object)
com.google.android.gms.common.internal.DialogRedirect:
    public static com.google.android.gms.common.internal.DialogRedirect getInstance(androidx.fragment.app.Fragment,android.content.Intent,int)
    public static com.google.android.gms.common.internal.DialogRedirect getInstance(com.google.android.gms.common.api.internal.LifecycleFragment,android.content.Intent,int)
kotlinx.coroutines.channels.ChannelsKt__DeprecatedKt$toMap$2
com.google.common.io.BaseEncoding$3
androidx.core.content.pm.ShortcutManagerCompat$1
kotlin.text.StringsKt___StringsKt$windowedSequence$1
androidx.core.app.JobIntentService$CompatWorkItem
androidx.core.telephony.SubscriptionManagerCompat$Api29Impl
androidx.core.text.TextDirectionHeuristicsCompat
androidx.coordinatorlayout.R$styleable
com.google.android.gms.common.api.GoogleApiClient$Builder
com.google.common.graph.BaseGraph
kotlin.DeprecatedSinceKotlin
androidx.core.content.res.ResourcesCompat$FontCallback
kotlin.random.Random$Default:
    private final java.lang.Object writeReplace()
    public int nextInt(int)
    public int nextInt(int,int)
    public long nextLong()
    public long nextLong(long)
    public long nextLong(long,long)
    public boolean nextBoolean()
    public double nextDouble()
    public double nextDouble(double)
    public double nextDouble(double,double)
    public float nextFloat()
    public byte[] nextBytes(byte[])
    public byte[] nextBytes(int)
    public byte[] nextBytes(byte[],int,int)
com.google.common.collect.ImmutableEnumSet
com.google.common.math.LinearTransformation$1
kotlin.collections.ArraysKt__ArraysJVMKt:
    public static final synthetic java.lang.Object[] orEmpty(java.lang.Object[])
    private static final java.lang.String toString(byte[],java.nio.charset.Charset)
    public static final synthetic java.lang.Object[] toTypedArray(java.util.Collection)
    public static final java.lang.Object[] arrayOfNulls(java.lang.Object[],int)
    public static final void copyOfRangeToIndexCheck(int,int)
    public static final int contentDeepHashCode(java.lang.Object[])
    public void <init>()
com.google.common.collect.TreeRangeMap$SubRangeMap$SubRangeMapAsMap
com.google.common.collect.Synchronized$SynchronizedSortedSet
com.google.common.graph.ImmutableNetwork$3
androidx.coordinatorlayout.widget.ViewGroupUtils
com.google.android.gms.common.server.response.zab
kotlin.contracts.Effect
kotlinx.coroutines.flow.FlowKt__ShareKt$launchSharingDeferred$1$invokeSuspend$$inlined$collect$1
io.flutter.embedding.engine.systemchannels.TextInputChannel:
    private static final java.lang.String TAG
androidx.core.internal.package-info
androidx.core.view.GestureDetectorCompat
javax.annotation.MatchesPattern
kotlin.text.StringsKt___StringsJvmKt:
    private static final char elementAt(java.lang.CharSequence,int)
    public static final java.util.SortedSet toSortedSet(java.lang.CharSequence)
    private static final java.math.BigDecimal sumOfBigDecimal(java.lang.CharSequence,kotlin.jvm.functions.Function1)
    private static final java.math.BigInteger sumOfBigInteger(java.lang.CharSequence,kotlin.jvm.functions.Function1)
    public void <init>()
com.google.android.gms.common.internal.service.zal
com.google.common.util.concurrent.ServiceManager$NoOpService
androidx.slidingpanelayout.R$attr
com.google.common.reflect.Types$ClassOwnership$2
kotlinx.coroutines.flow.FlowKt__TransformKt$mapNotNull$$inlined$unsafeTransform$1$2$1
androidx.annotation.ArrayRes
com.google.common.util.concurrent.Callables$1
androidx.core.content.MimeTypeFilter